2026-03-24 08:56:53,556 - INFO - ✅ 加载配置成功，监控 2 个账号
2026-03-24 08:56:53,556 - INFO - 🚀 开始GitHub Actions微博监控
2026-03-24 08:56:53,557 - INFO - 📡 监控账号: 人民日报 (2803301701)
2026-03-24 08:56:53,557 - INFO - 🔍 尝试 RSSHub官方
2026-03-24 08:56:53,650 - INFO - 🔍 尝试 RSS2JSON
2026-03-24 08:56:54,020 - INFO - 🔍 尝试 RSSHub镜像
2026-03-24 08:56:55,054 - WARNING - ⚠️ 所有RSS源都失败，用户 2803301701
2026-03-24 08:56:55,055 - WARNING - ⚠️ 人民日报: 未获取到微博数据
2026-03-24 08:56:57,057 - INFO - 📡 监控账号: 央视新闻 (1974576991)
2026-03-24 08:56:57,057 - INFO - 🔍 尝试 RSSHub官方
2026-03-24 08:56:57,093 - INFO - 🔍 尝试 RSS2JSON
2026-03-24 08:56:57,322 - INFO - 🔍 尝试 RSSHub镜像
2026-03-24 08:56:57,770 - WARNING - ⚠️ 所有RSS源都失败，用户 1974576991
2026-03-24 08:56:57,771 - WARNING - ⚠️ 央视新闻: 未获取到微博数据
2026-03-24 08:56:59,774 - INFO - 🎯 监控完成！共发现 0 条新微博
2026-03-24 08:59:52,466 - INFO - ✅ 加载配置成功，监控 1 个账号
2026-03-24 08:59:52,466 - INFO - 🚀 开始GitHub Actions微博监控
2026-03-24 08:59:52,467 - INFO - 📡 监控账号: 测试账号 (7852949543)
2026-03-24 08:59:52,467 - INFO - 🔍 尝试 RSSHub官方
2026-03-24 08:59:52,540 - INFO - 🔍 尝试 RSS2JSON
2026-03-24 08:59:52,837 - INFO - 🔍 尝试 RSSHub镜像
2026-03-24 08:59:53,834 - WARNING - ⚠️ 所有RSS源都失败，用户 7852949543
2026-03-24 08:59:53,835 - WARNING - ⚠️ 测试账号: 未获取到微博数据
2026-03-24 08:59:55,838 - INFO - 🎯 监控完成！共发现 0 条新微博
