2026-03-24 09:17:34,169 - INFO - 🚀 开始微博监控任务
2026-03-24 09:17:34,169 - INFO - 开始监控账号: 测试账号 (7852949543)
2026-03-24 09:17:34,169 - ERROR - 获取用户信息异常: 'request_delay'
2026-03-24 09:17:37,006 - ERROR - 获取containerid失败: Expecting value: line 1 column 1 (char 0)
2026-03-24 09:17:37,006 - WARNING - ❌ 测试账号 (7852949543): 未获取到微博数据
2026-03-24 09:17:37,006 - INFO - 📊 监控完成: 0/1 成功, 共获取 0 条微博
2026-03-24 13:20:17,772 - INFO - 🚀 开始微博监控任务
2026-03-24 13:20:17,772 - INFO - 开始监控账号: 测试账号 (7852949543)
2026-03-24 13:20:17,772 - ERROR - 获取用户信息异常: 'request_delay'
2026-03-24 13:20:20,916 - ERROR - 获取containerid失败: Expecting value: line 1 column 1 (char 0)
2026-03-24 13:20:20,917 - WARNING - ❌ 测试账号 (7852949543): 未获取到微博数据
2026-03-24 13:20:20,917 - INFO - 📊 监控完成: 0/1 成功, 共获取 0 条微博
2026-03-24 17:03:49,143 - INFO - 🚀 开始微博监控任务
2026-03-24 17:03:49,144 - INFO - 开始监控账号: 测试账号 (7852949543)
2026-03-24 17:03:49,144 - ERROR - 获取用户信息异常: 'request_delay'
2026-03-24 17:03:53,793 - ERROR - 获取containerid失败: Expecting value: line 1 column 1 (char 0)
2026-03-24 17:03:53,793 - WARNING - ❌ 测试账号 (7852949543): 未获取到微博数据
2026-03-24 17:03:53,793 - INFO - 📊 监控完成: 0/1 成功, 共获取 0 条微博
2026-03-24 20:46:52,274 - INFO - 🚀 开始微博监控任务
2026-03-24 20:46:52,274 - INFO - 开始监控账号: 测试账号 (7852949543)
2026-03-24 20:46:52,274 - ERROR - 获取用户信息异常: 'request_delay'
2026-03-24 20:46:54,773 - ERROR - 获取containerid失败: Expecting value: line 1 column 1 (char 0)
2026-03-24 20:46:54,773 - WARNING - ❌ 测试账号 (7852949543): 未获取到微博数据
2026-03-24 20:46:54,773 - INFO - 📊 监控完成: 0/1 成功, 共获取 0 条微博
2026-03-25 02:33:31,367 - INFO - 🚀 开始微博监控任务
2026-03-25 02:33:31,367 - INFO - 开始监控账号: 测试账号 (7852949543)
2026-03-25 02:33:31,367 - ERROR - 获取用户信息异常: 'request_delay'
2026-03-25 02:33:35,186 - ERROR - 获取containerid失败: Expecting value: line 1 column 1 (char 0)
2026-03-25 02:33:35,186 - WARNING - ❌ 测试账号 (7852949543): 未获取到微博数据
2026-03-25 02:33:35,186 - INFO - 📊 监控完成: 0/1 成功, 共获取 0 条微博
